c:\users\abenyam\source\repos\tis_development\tis_development-vs2019\common\imagestorelibrary\msvc\vs2012\imagestorelibrary\x64\debug\libtiffd.pdb
c:\users\abenyam\source\repos\tis_development\tis_development-vs2019\common\imagestorelibrary\msvc\vs2012\tiff\x64\debug\tif_jbig.obj
c:\users\abenyam\source\repos\tis_development\tis_development-vs2019\common\imagestorelibrary\msvc\vs2012\tiff\x64\debug\tif_getimage.obj
c:\users\abenyam\source\repos\tis_development\tis_development-vs2019\common\imagestorelibrary\msvc\vs2012\tiff\x64\debug\tif_flush.obj
c:\users\abenyam\source\repos\tis_development\tis_development-vs2019\common\imagestorelibrary\msvc\vs2012\tiff\x64\debug\tif_fax3sm.obj
c:\users\abenyam\source\repos\tis_development\tis_development-vs2019\common\imagestorelibrary\msvc\vs2012\tiff\x64\debug\tif_fax3.obj
c:\users\abenyam\source\repos\tis_development\tis_development-vs2019\common\imagestorelibrary\msvc\vs2012\tiff\x64\debug\tif_extension.obj
c:\users\abenyam\source\repos\tis_development\tis_development-vs2019\common\imagestorelibrary\msvc\vs2012\tiff\x64\debug\tif_error.obj
c:\users\abenyam\source\repos\tis_development\tis_development-vs2019\common\imagestorelibrary\msvc\vs2012\tiff\x64\debug\tif_dumpmode.obj
c:\users\abenyam\source\repos\tis_development\tis_development-vs2019\common\imagestorelibrary\msvc\vs2012\tiff\x64\debug\tif_dirwrite.obj
c:\users\abenyam\source\repos\tis_development\tis_development-vs2019\common\imagestorelibrary\msvc\vs2012\tiff\x64\debug\tif_dirread.obj
c:\users\abenyam\source\repos\tis_development\tis_development-vs2019\common\imagestorelibrary\msvc\vs2012\tiff\x64\debug\tif_dirinfo.obj
c:\users\abenyam\source\repos\tis_development\tis_development-vs2019\common\imagestorelibrary\msvc\vs2012\tiff\x64\debug\tif_dir.obj
c:\users\abenyam\source\repos\tis_development\tis_development-vs2019\common\imagestorelibrary\msvc\vs2012\tiff\x64\debug\tif_compress.obj
c:\users\abenyam\source\repos\tis_development\tis_development-vs2019\common\imagestorelibrary\msvc\vs2012\tiff\x64\debug\tif_color.obj
c:\users\abenyam\source\repos\tis_development\tis_development-vs2019\common\imagestorelibrary\msvc\vs2012\tiff\x64\debug\tif_codec.obj
c:\users\abenyam\source\repos\tis_development\tis_development-vs2019\common\imagestorelibrary\msvc\vs2012\tiff\x64\debug\tif_close.obj
c:\users\abenyam\source\repos\tis_development\tis_development-vs2019\common\imagestorelibrary\msvc\vs2012\tiff\x64\debug\tif_aux.obj
c:\users\abenyam\source\repos\tis_development\tis_development-vs2019\common\imagestorelibrary\msvc\vs2012\tiff\x64\debug\strcasecmp.obj
c:\users\abenyam\source\repos\tis_development\tis_development-vs2019\common\imagestorelibrary\msvc\vs2012\tiff\x64\debug\getopt.obj
c:\users\abenyam\source\repos\tis_development\tis_development-vs2019\common\imagestorelibrary\msvc\vs2012\tiff\x64\debug\dummy.obj
c:\users\abenyam\source\repos\tis_development\tis_development-vs2019\common\imagestorelibrary\msvc\vs2012\tiff\x64\debug\tif_warning.obj
c:\users\abenyam\source\repos\tis_development\tis_development-vs2019\common\imagestorelibrary\msvc\vs2012\tiff\x64\debug\tif_version.obj
c:\users\abenyam\source\repos\tis_development\tis_development-vs2019\common\imagestorelibrary\msvc\vs2012\tiff\x64\debug\tif_unix.obj
c:\users\abenyam\source\repos\tis_development\tis_development-vs2019\common\imagestorelibrary\msvc\vs2012\tiff\x64\debug\tif_tile.obj
c:\users\abenyam\source\repos\tis_development\tis_development-vs2019\common\imagestorelibrary\msvc\vs2012\tiff\x64\debug\tif_thunder.obj
c:\users\abenyam\source\repos\tis_development\tis_development-vs2019\common\imagestorelibrary\msvc\vs2012\tiff\x64\debug\tif_swab.obj
c:\users\abenyam\source\repos\tis_development\tis_development-vs2019\common\imagestorelibrary\msvc\vs2012\tiff\x64\debug\tif_strip.obj
c:\users\abenyam\source\repos\tis_development\tis_development-vs2019\common\imagestorelibrary\msvc\vs2012\tiff\x64\debug\tif_read.obj
c:\users\abenyam\source\repos\tis_development\tis_development-vs2019\common\imagestorelibrary\msvc\vs2012\tiff\x64\debug\tif_print.obj
c:\users\abenyam\source\repos\tis_development\tis_development-vs2019\common\imagestorelibrary\msvc\vs2012\tiff\x64\debug\tif_predict.obj
c:\users\abenyam\source\repos\tis_development\tis_development-vs2019\common\imagestorelibrary\msvc\vs2012\tiff\x64\debug\tif_pixarlog.obj
c:\users\abenyam\source\repos\tis_development\tis_development-vs2019\common\imagestorelibrary\msvc\vs2012\tiff\x64\debug\tif_packbits.obj
c:\users\abenyam\source\repos\tis_development\tis_development-vs2019\common\imagestorelibrary\msvc\vs2012\tiff\x64\debug\tif_open.obj
c:\users\abenyam\source\repos\tis_development\tis_development-vs2019\common\imagestorelibrary\msvc\vs2012\tiff\x64\debug\tif_ojpeg.obj
c:\users\abenyam\source\repos\tis_development\tis_development-vs2019\common\imagestorelibrary\msvc\vs2012\tiff\x64\debug\tif_next.obj
c:\users\abenyam\source\repos\tis_development\tis_development-vs2019\common\imagestorelibrary\msvc\vs2012\tiff\x64\debug\tif_lzw.obj
c:\users\abenyam\source\repos\tis_development\tis_development-vs2019\common\imagestorelibrary\msvc\vs2012\tiff\x64\debug\tif_lzma.obj
c:\users\abenyam\source\repos\tis_development\tis_development-vs2019\common\imagestorelibrary\msvc\vs2012\tiff\x64\debug\tif_luv.obj
c:\users\abenyam\source\repos\tis_development\tis_development-vs2019\common\imagestorelibrary\msvc\vs2012\tiff\x64\debug\tif_jpeg_12.obj
c:\users\abenyam\source\repos\tis_development\tis_development-vs2019\common\imagestorelibrary\msvc\vs2012\tiff\x64\debug\tif_jpeg.obj
c:\users\abenyam\source\repos\tis_development\tis_development-vs2019\common\imagestorelibrary\msvc\vs2012\tiff\x64\debug\tif_zip.obj
c:\users\abenyam\source\repos\tis_development\tis_development-vs2019\common\imagestorelibrary\msvc\vs2012\tiff\x64\debug\tif_write.obj
c:\users\abenyam\source\repos\tis_development\tis_development-vs2019\common\imagestorelibrary\msvc\vs2012\imagestorelibrary\x64\debug\libtiffd.lib
c:\users\abenyam\source\repos\tis_development\tis_development-vs2019\common\imagestorelibrary\msvc\vs2012\tiff\x64\debug\tiff.tlog\cl.command.1.tlog
c:\users\abenyam\source\repos\tis_development\tis_development-vs2019\common\imagestorelibrary\msvc\vs2012\tiff\x64\debug\tiff.tlog\cl.read.1.tlog
c:\users\abenyam\source\repos\tis_development\tis_development-vs2019\common\imagestorelibrary\msvc\vs2012\tiff\x64\debug\tiff.tlog\cl.write.1.tlog
c:\users\abenyam\source\repos\tis_development\tis_development-vs2019\common\imagestorelibrary\msvc\vs2012\tiff\x64\debug\tiff.tlog\lib-link.read.1.tlog
c:\users\abenyam\source\repos\tis_development\tis_development-vs2019\common\imagestorelibrary\msvc\vs2012\tiff\x64\debug\tiff.tlog\lib-link.write.1.tlog
c:\users\abenyam\source\repos\tis_development\tis_development-vs2019\common\imagestorelibrary\msvc\vs2012\tiff\x64\debug\tiff.tlog\lib.command.1.tlog
