  dummy.c
  getopt.c
  strcasecmp.c
  tif_aux.c
  tif_close.c
  tif_codec.c
  tif_color.c
  tif_compress.c
  tif_dir.c
  tif_dirinfo.c
  tif_dirread.c
  tif_dirwrite.c
  tif_dumpmode.c
  tif_error.c
  tif_extension.c
  tif_fax3.c
  tif_fax3sm.c
  tif_flush.c
  tif_getimage.c
  tif_jbig.c
  Generating Code...
  Compiling...
  tif_jpeg.c
  tif_jpeg_12.c
  tif_luv.c
  tif_lzma.c
  tif_lzw.c
  tif_next.c
  tif_ojpeg.c
  tif_open.c
  tif_packbits.c
  tif_pixarlog.c
  tif_predict.c
  tif_print.c
  tif_read.c
  tif_strip.c
  tif_swab.c
  tif_thunder.c
  tif_tile.c
  tif_unix.c
  tif_version.c
  tif_warning.c
  Generating Code...
  Compiling...
  tif_write.c
  tif_zip.c
  Generating Code...
  tiff.vcxproj -> C:\Users\abenyam\source\repos\TIS_Development\TIS_Development-VS2019\Common\ImageStoreLibrary\msvc\vs2012\ImageStoreLibrary\x64\Debug\libtiffd.lib
  C:\Users\abenyam\source\repos\TIS_Development\TIS_Development-VS2019\Common\ImageStoreLibrary\msvc\vs2012\ImageStoreLibrary\x64\Debug\libtiffd.lib
  1 File(s) copied
