c:\users\abenyam\source\repos\tis_development\tis_development-vs2019\common\imagestorelibrary\msvc\vs2012\zlib\debug\zlibd.pdb
c:\users\abenyam\source\repos\tis_development\tis_development-vs2019\common\imagestorelibrary\msvc\vs2012\zlib\debug\zutil.obj
c:\users\abenyam\source\repos\tis_development\tis_development-vs2019\common\imagestorelibrary\msvc\vs2012\zlib\debug\uncompr.obj
c:\users\abenyam\source\repos\tis_development\tis_development-vs2019\common\imagestorelibrary\msvc\vs2012\zlib\debug\trees.obj
c:\users\abenyam\source\repos\tis_development\tis_development-vs2019\common\imagestorelibrary\msvc\vs2012\zlib\debug\inftrees.obj
c:\users\abenyam\source\repos\tis_development\tis_development-vs2019\common\imagestorelibrary\msvc\vs2012\zlib\debug\inflate.obj
c:\users\abenyam\source\repos\tis_development\tis_development-vs2019\common\imagestorelibrary\msvc\vs2012\zlib\debug\inffast.obj
c:\users\abenyam\source\repos\tis_development\tis_development-vs2019\common\imagestorelibrary\msvc\vs2012\zlib\debug\infback.obj
c:\users\abenyam\source\repos\tis_development\tis_development-vs2019\common\imagestorelibrary\msvc\vs2012\zlib\debug\gzwrite.obj
c:\users\abenyam\source\repos\tis_development\tis_development-vs2019\common\imagestorelibrary\msvc\vs2012\zlib\debug\gzread.obj
c:\users\abenyam\source\repos\tis_development\tis_development-vs2019\common\imagestorelibrary\msvc\vs2012\zlib\debug\gzlib.obj
c:\users\abenyam\source\repos\tis_development\tis_development-vs2019\common\imagestorelibrary\msvc\vs2012\zlib\debug\gzclose.obj
c:\users\abenyam\source\repos\tis_development\tis_development-vs2019\common\imagestorelibrary\msvc\vs2012\zlib\debug\deflate.obj
c:\users\abenyam\source\repos\tis_development\tis_development-vs2019\common\imagestorelibrary\msvc\vs2012\zlib\debug\crc32.obj
c:\users\abenyam\source\repos\tis_development\tis_development-vs2019\common\imagestorelibrary\msvc\vs2012\zlib\debug\compress.obj
c:\users\abenyam\source\repos\tis_development\tis_development-vs2019\common\imagestorelibrary\msvc\vs2012\zlib\debug\adler32.obj
c:\users\abenyam\source\repos\tis_development\tis_development-vs2019\common\imagestorelibrary\msvc\vs2012\zlib\debug\zlibd.lib
c:\users\abenyam\source\repos\tis_development\tis_development-vs2019\common\imagestorelibrary\msvc\vs2012\zlib\debug\zlib.tlog\cl.command.1.tlog
c:\users\abenyam\source\repos\tis_development\tis_development-vs2019\common\imagestorelibrary\msvc\vs2012\zlib\debug\zlib.tlog\cl.read.1.tlog
c:\users\abenyam\source\repos\tis_development\tis_development-vs2019\common\imagestorelibrary\msvc\vs2012\zlib\debug\zlib.tlog\cl.write.1.tlog
c:\users\abenyam\source\repos\tis_development\tis_development-vs2019\common\imagestorelibrary\msvc\vs2012\zlib\debug\zlib.tlog\lib-link.read.1.tlog
c:\users\abenyam\source\repos\tis_development\tis_development-vs2019\common\imagestorelibrary\msvc\vs2012\zlib\debug\zlib.tlog\lib-link.write.1.tlog
c:\users\abenyam\source\repos\tis_development\tis_development-vs2019\common\imagestorelibrary\msvc\vs2012\zlib\debug\zlib.tlog\lib.command.1.tlog
