  adler32.c
  compress.c
  crc32.c
  deflate.c
  gzclose.c
  gzlib.c
  gzread.c
..\..\..\src\zlib\gzread.c(319,20): warning C4267: '=': conversion from 'size_t' to 'unsigned int', possible loss of data
..\..\..\src\zlib\gzread.c(400,35): warning C4267: '=': conversion from 'size_t' to 'unsigned int', possible loss of data
..\..\..\src\zlib\gzread.c(472,33): warning C4267: '=': conversion from 'size_t' to 'int', possible loss of data
  gzwrite.c
..\..\..\src\zlib\gzwrite.c(212,27): warning C4267: '=': conversion from 'size_t' to 'unsigned int', possible loss of data
..\..\..\src\zlib\gzwrite.c(232,24): warning C4267: '=': conversion from 'size_t' to 'unsigned int', possible loss of data
..\..\..\src\zlib\gzwrite.c(371,36): warning C4267: '=': conversion from 'size_t' to 'int', possible loss of data
  infback.c
  inffast.c
  inflate.c
  inftrees.c
  trees.c
  uncompr.c
  zutil.c
  Generating Code...
  zlibstatic.vcxproj -> C:\Users\abenyam\source\repos\TIS_Development\TIS_Development-VS2019\Common\ImageStoreLibrary\msvc\vs2012\zlib\Debug\zlibd.lib
  Debug\zlibd.lib
  1 File(s) copied
