c:\users\abenyam\source\repos\tis_development\tis_development-vs2019\common\imagestorelibrary\msvc\vs2012\libzip\debug\libzipd.pdb
c:\users\abenyam\source\repos\tis_development\tis_development-vs2019\common\imagestorelibrary\msvc\vs2012\libzip\debug\zip_error_to_str.obj
c:\users\abenyam\source\repos\tis_development\tis_development-vs2019\common\imagestorelibrary\msvc\vs2012\libzip\debug\zip_error_strerror.obj
c:\users\abenyam\source\repos\tis_development\tis_development-vs2019\common\imagestorelibrary\msvc\vs2012\libzip\debug\zip_error_get_sys_type.obj
c:\users\abenyam\source\repos\tis_development\tis_development-vs2019\common\imagestorelibrary\msvc\vs2012\libzip\debug\zip_error_get.obj
c:\users\abenyam\source\repos\tis_development\tis_development-vs2019\common\imagestorelibrary\msvc\vs2012\libzip\debug\zip_error_clear.obj
c:\users\abenyam\source\repos\tis_development\tis_development-vs2019\common\imagestorelibrary\msvc\vs2012\libzip\debug\zip_error.obj
c:\users\abenyam\source\repos\tis_development\tis_development-vs2019\common\imagestorelibrary\msvc\vs2012\libzip\debug\zip_entry.obj
c:\users\abenyam\source\repos\tis_development\tis_development-vs2019\common\imagestorelibrary\msvc\vs2012\libzip\debug\zip_discard.obj
c:\users\abenyam\source\repos\tis_development\tis_development-vs2019\common\imagestorelibrary\msvc\vs2012\libzip\debug\zip_dir_add.obj
c:\users\abenyam\source\repos\tis_development\tis_development-vs2019\common\imagestorelibrary\msvc\vs2012\libzip\debug\zip_dirent.obj
c:\users\abenyam\source\repos\tis_development\tis_development-vs2019\common\imagestorelibrary\msvc\vs2012\libzip\debug\zip_delete.obj
c:\users\abenyam\source\repos\tis_development\tis_development-vs2019\common\imagestorelibrary\msvc\vs2012\libzip\debug\zip_close.obj
c:\users\abenyam\source\repos\tis_development\tis_development-vs2019\common\imagestorelibrary\msvc\vs2012\libzip\debug\zip_buffer.obj
c:\users\abenyam\source\repos\tis_development\tis_development-vs2019\common\imagestorelibrary\msvc\vs2012\libzip\debug\zip_algorithm_deflate.obj
c:\users\abenyam\source\repos\tis_development\tis_development-vs2019\common\imagestorelibrary\msvc\vs2012\libzip\debug\zip_algorithm_bzip2.obj
c:\users\abenyam\source\repos\tis_development\tis_development-vs2019\common\imagestorelibrary\msvc\vs2012\libzip\debug\zip_add_entry.obj
c:\users\abenyam\source\repos\tis_development\tis_development-vs2019\common\imagestorelibrary\msvc\vs2012\libzip\debug\zip_add_dir.obj
c:\users\abenyam\source\repos\tis_development\tis_development-vs2019\common\imagestorelibrary\msvc\vs2012\libzip\debug\zip_add.obj
c:\users\abenyam\source\repos\tis_development\tis_development-vs2019\common\imagestorelibrary\msvc\vs2012\libzip\debug\mkstemp.obj
c:\users\abenyam\source\repos\tis_development\tis_development-vs2019\common\imagestorelibrary\msvc\vs2012\libzip\debug\gladman-fcrypt.obj
c:\users\abenyam\source\repos\tis_development\tis_development-vs2019\common\imagestorelibrary\msvc\vs2012\libzip\debug\zip_fopen.obj
c:\users\abenyam\source\repos\tis_development\tis_development-vs2019\common\imagestorelibrary\msvc\vs2012\libzip\debug\zip_file_strerror.obj
c:\users\abenyam\source\repos\tis_development\tis_development-vs2019\common\imagestorelibrary\msvc\vs2012\libzip\debug\zip_file_set_mtime.obj
c:\users\abenyam\source\repos\tis_development\tis_development-vs2019\common\imagestorelibrary\msvc\vs2012\libzip\debug\zip_file_set_external_attributes.obj
c:\users\abenyam\source\repos\tis_development\tis_development-vs2019\common\imagestorelibrary\msvc\vs2012\libzip\debug\zip_file_set_encryption.obj
c:\users\abenyam\source\repos\tis_development\tis_development-vs2019\common\imagestorelibrary\msvc\vs2012\libzip\debug\zip_file_set_comment.obj
c:\users\abenyam\source\repos\tis_development\tis_development-vs2019\common\imagestorelibrary\msvc\vs2012\libzip\debug\zip_file_replace.obj
c:\users\abenyam\source\repos\tis_development\tis_development-vs2019\common\imagestorelibrary\msvc\vs2012\libzip\debug\zip_file_rename.obj
c:\users\abenyam\source\repos\tis_development\tis_development-vs2019\common\imagestorelibrary\msvc\vs2012\libzip\debug\zip_file_get_offset.obj
c:\users\abenyam\source\repos\tis_development\tis_development-vs2019\common\imagestorelibrary\msvc\vs2012\libzip\debug\zip_file_get_external_attributes.obj
c:\users\abenyam\source\repos\tis_development\tis_development-vs2019\common\imagestorelibrary\msvc\vs2012\libzip\debug\zip_file_get_comment.obj
c:\users\abenyam\source\repos\tis_development\tis_development-vs2019\common\imagestorelibrary\msvc\vs2012\libzip\debug\zip_file_error_get.obj
c:\users\abenyam\source\repos\tis_development\tis_development-vs2019\common\imagestorelibrary\msvc\vs2012\libzip\debug\zip_file_error_clear.obj
c:\users\abenyam\source\repos\tis_development\tis_development-vs2019\common\imagestorelibrary\msvc\vs2012\libzip\debug\zip_file_add.obj
c:\users\abenyam\source\repos\tis_development\tis_development-vs2019\common\imagestorelibrary\msvc\vs2012\libzip\debug\zip_filerange_crc.obj
c:\users\abenyam\source\repos\tis_development\tis_development-vs2019\common\imagestorelibrary\msvc\vs2012\libzip\debug\zip_fdopen.obj
c:\users\abenyam\source\repos\tis_development\tis_development-vs2019\common\imagestorelibrary\msvc\vs2012\libzip\debug\zip_fclose.obj
c:\users\abenyam\source\repos\tis_development\tis_development-vs2019\common\imagestorelibrary\msvc\vs2012\libzip\debug\zip_extra_field_api.obj
c:\users\abenyam\source\repos\tis_development\tis_development-vs2019\common\imagestorelibrary\msvc\vs2012\libzip\debug\zip_extra_field.obj
c:\users\abenyam\source\repos\tis_development\tis_development-vs2019\common\imagestorelibrary\msvc\vs2012\libzip\debug\zip_err_str.obj
c:\users\abenyam\source\repos\tis_development\tis_development-vs2019\common\imagestorelibrary\msvc\vs2012\libzip\debug\zip_progress.obj
c:\users\abenyam\source\repos\tis_development\tis_development-vs2019\common\imagestorelibrary\msvc\vs2012\libzip\debug\zip_open.obj
c:\users\abenyam\source\repos\tis_development\tis_development-vs2019\common\imagestorelibrary\msvc\vs2012\libzip\debug\zip_new.obj
c:\users\abenyam\source\repos\tis_development\tis_development-vs2019\common\imagestorelibrary\msvc\vs2012\libzip\debug\zip_name_locate.obj
c:\users\abenyam\source\repos\tis_development\tis_development-vs2019\common\imagestorelibrary\msvc\vs2012\libzip\debug\zip_memdup.obj
c:\users\abenyam\source\repos\tis_development\tis_development-vs2019\common\imagestorelibrary\msvc\vs2012\libzip\debug\zip_io_util.obj
c:\users\abenyam\source\repos\tis_development\tis_development-vs2019\common\imagestorelibrary\msvc\vs2012\libzip\debug\zip_hash.obj
c:\users\abenyam\source\repos\tis_development\tis_development-vs2019\common\imagestorelibrary\msvc\vs2012\libzip\debug\zip_get_num_files.obj
c:\users\abenyam\source\repos\tis_development\tis_development-vs2019\common\imagestorelibrary\msvc\vs2012\libzip\debug\zip_get_num_entries.obj
c:\users\abenyam\source\repos\tis_development\tis_development-vs2019\common\imagestorelibrary\msvc\vs2012\libzip\debug\zip_get_name.obj
c:\users\abenyam\source\repos\tis_development\tis_development-vs2019\common\imagestorelibrary\msvc\vs2012\libzip\debug\zip_get_file_comment.obj
c:\users\abenyam\source\repos\tis_development\tis_development-vs2019\common\imagestorelibrary\msvc\vs2012\libzip\debug\zip_get_encryption_implementation.obj
c:\users\abenyam\source\repos\tis_development\tis_development-vs2019\common\imagestorelibrary\msvc\vs2012\libzip\debug\zip_get_archive_flag.obj
c:\users\abenyam\source\repos\tis_development\tis_development-vs2019\common\imagestorelibrary\msvc\vs2012\libzip\debug\zip_get_archive_comment.obj
c:\users\abenyam\source\repos\tis_development\tis_development-vs2019\common\imagestorelibrary\msvc\vs2012\libzip\debug\zip_ftell.obj
c:\users\abenyam\source\repos\tis_development\tis_development-vs2019\common\imagestorelibrary\msvc\vs2012\libzip\debug\zip_fseek.obj
c:\users\abenyam\source\repos\tis_development\tis_development-vs2019\common\imagestorelibrary\msvc\vs2012\libzip\debug\zip_fread.obj
c:\users\abenyam\source\repos\tis_development\tis_development-vs2019\common\imagestorelibrary\msvc\vs2012\libzip\debug\zip_fopen_index_encrypted.obj
c:\users\abenyam\source\repos\tis_development\tis_development-vs2019\common\imagestorelibrary\msvc\vs2012\libzip\debug\zip_fopen_index.obj
c:\users\abenyam\source\repos\tis_development\tis_development-vs2019\common\imagestorelibrary\msvc\vs2012\libzip\debug\zip_fopen_encrypted.obj
c:\users\abenyam\source\repos\tis_development\tis_development-vs2019\common\imagestorelibrary\msvc\vs2012\libzip\debug\zip_source_function.obj
c:\users\abenyam\source\repos\tis_development\tis_development-vs2019\common\imagestorelibrary\msvc\vs2012\libzip\debug\zip_source_free.obj
c:\users\abenyam\source\repos\tis_development\tis_development-vs2019\common\imagestorelibrary\msvc\vs2012\libzip\debug\zip_source_filep.obj
c:\users\abenyam\source\repos\tis_development\tis_development-vs2019\common\imagestorelibrary\msvc\vs2012\libzip\debug\zip_source_error.obj
c:\users\abenyam\source\repos\tis_development\tis_development-vs2019\common\imagestorelibrary\msvc\vs2012\libzip\debug\zip_source_crc.obj
c:\users\abenyam\source\repos\tis_development\tis_development-vs2019\common\imagestorelibrary\msvc\vs2012\libzip\debug\zip_source_compress.obj
c:\users\abenyam\source\repos\tis_development\tis_development-vs2019\common\imagestorelibrary\msvc\vs2012\libzip\debug\zip_source_commit_write.obj
c:\users\abenyam\source\repos\tis_development\tis_development-vs2019\common\imagestorelibrary\msvc\vs2012\libzip\debug\zip_source_close.obj
c:\users\abenyam\source\repos\tis_development\tis_development-vs2019\common\imagestorelibrary\msvc\vs2012\libzip\debug\zip_source_call.obj
c:\users\abenyam\source\repos\tis_development\tis_development-vs2019\common\imagestorelibrary\msvc\vs2012\libzip\debug\zip_source_buffer.obj
c:\users\abenyam\source\repos\tis_development\tis_development-vs2019\common\imagestorelibrary\msvc\vs2012\libzip\debug\zip_source_begin_write.obj
c:\users\abenyam\source\repos\tis_development\tis_development-vs2019\common\imagestorelibrary\msvc\vs2012\libzip\debug\zip_set_name.obj
c:\users\abenyam\source\repos\tis_development\tis_development-vs2019\common\imagestorelibrary\msvc\vs2012\libzip\debug\zip_set_file_compression.obj
c:\users\abenyam\source\repos\tis_development\tis_development-vs2019\common\imagestorelibrary\msvc\vs2012\libzip\debug\zip_set_file_comment.obj
c:\users\abenyam\source\repos\tis_development\tis_development-vs2019\common\imagestorelibrary\msvc\vs2012\libzip\debug\zip_set_default_password.obj
c:\users\abenyam\source\repos\tis_development\tis_development-vs2019\common\imagestorelibrary\msvc\vs2012\libzip\debug\zip_set_archive_flag.obj
c:\users\abenyam\source\repos\tis_development\tis_development-vs2019\common\imagestorelibrary\msvc\vs2012\libzip\debug\zip_set_archive_comment.obj
c:\users\abenyam\source\repos\tis_development\tis_development-vs2019\common\imagestorelibrary\msvc\vs2012\libzip\debug\zip_replace.obj
c:\users\abenyam\source\repos\tis_development\tis_development-vs2019\common\imagestorelibrary\msvc\vs2012\libzip\debug\zip_rename.obj
c:\users\abenyam\source\repos\tis_development\tis_development-vs2019\common\imagestorelibrary\msvc\vs2012\libzip\debug\zip_random_win32.obj
c:\users\abenyam\source\repos\tis_development\tis_development-vs2019\common\imagestorelibrary\msvc\vs2012\libzip\debug\zip_source_winzip_aes_decode.obj
c:\users\abenyam\source\repos\tis_development\tis_development-vs2019\common\imagestorelibrary\msvc\vs2012\libzip\debug\zip_source_window.obj
c:\users\abenyam\source\repos\tis_development\tis_development-vs2019\common\imagestorelibrary\msvc\vs2012\libzip\debug\zip_source_win32w.obj
c:\users\abenyam\source\repos\tis_development\tis_development-vs2019\common\imagestorelibrary\msvc\vs2012\libzip\debug\zip_source_win32utf8.obj
c:\users\abenyam\source\repos\tis_development\tis_development-vs2019\common\imagestorelibrary\msvc\vs2012\libzip\debug\zip_source_win32handle.obj
c:\users\abenyam\source\repos\tis_development\tis_development-vs2019\common\imagestorelibrary\msvc\vs2012\libzip\debug\zip_source_win32a.obj
c:\users\abenyam\source\repos\tis_development\tis_development-vs2019\common\imagestorelibrary\msvc\vs2012\libzip\debug\zip_source_tell_write.obj
c:\users\abenyam\source\repos\tis_development\tis_development-vs2019\common\imagestorelibrary\msvc\vs2012\libzip\debug\zip_source_tell.obj
c:\users\abenyam\source\repos\tis_development\tis_development-vs2019\common\imagestorelibrary\msvc\vs2012\libzip\debug\zip_source_supports.obj
c:\users\abenyam\source\repos\tis_development\tis_development-vs2019\common\imagestorelibrary\msvc\vs2012\libzip\debug\zip_source_stat.obj
c:\users\abenyam\source\repos\tis_development\tis_development-vs2019\common\imagestorelibrary\msvc\vs2012\libzip\debug\zip_source_seek_write.obj
c:\users\abenyam\source\repos\tis_development\tis_development-vs2019\common\imagestorelibrary\msvc\vs2012\libzip\debug\zip_source_seek.obj
c:\users\abenyam\source\repos\tis_development\tis_development-vs2019\common\imagestorelibrary\msvc\vs2012\libzip\debug\zip_source_rollback_write.obj
c:\users\abenyam\source\repos\tis_development\tis_development-vs2019\common\imagestorelibrary\msvc\vs2012\libzip\debug\zip_source_remove.obj
c:\users\abenyam\source\repos\tis_development\tis_development-vs2019\common\imagestorelibrary\msvc\vs2012\libzip\debug\zip_source_read.obj
c:\users\abenyam\source\repos\tis_development\tis_development-vs2019\common\imagestorelibrary\msvc\vs2012\libzip\debug\zip_source_pkware.obj
c:\users\abenyam\source\repos\tis_development\tis_development-vs2019\common\imagestorelibrary\msvc\vs2012\libzip\debug\zip_source_open.obj
c:\users\abenyam\source\repos\tis_development\tis_development-vs2019\common\imagestorelibrary\msvc\vs2012\libzip\debug\zip_source_layered.obj
c:\users\abenyam\source\repos\tis_development\tis_development-vs2019\common\imagestorelibrary\msvc\vs2012\libzip\debug\zip_source_is_deleted.obj
c:\users\abenyam\source\repos\tis_development\tis_development-vs2019\common\imagestorelibrary\msvc\vs2012\libzip\debug\zip_source_get_compression_flags.obj
c:\users\abenyam\source\repos\tis_development\tis_development-vs2019\common\imagestorelibrary\msvc\vs2012\libzip\debug\zip_utf-8.obj
c:\users\abenyam\source\repos\tis_development\tis_development-vs2019\common\imagestorelibrary\msvc\vs2012\libzip\debug\zip_unchange_data.obj
c:\users\abenyam\source\repos\tis_development\tis_development-vs2019\common\imagestorelibrary\msvc\vs2012\libzip\debug\zip_unchange_archive.obj
c:\users\abenyam\source\repos\tis_development\tis_development-vs2019\common\imagestorelibrary\msvc\vs2012\libzip\debug\zip_unchange_all.obj
c:\users\abenyam\source\repos\tis_development\tis_development-vs2019\common\imagestorelibrary\msvc\vs2012\libzip\debug\zip_unchange.obj
c:\users\abenyam\source\repos\tis_development\tis_development-vs2019\common\imagestorelibrary\msvc\vs2012\libzip\debug\zip_string.obj
c:\users\abenyam\source\repos\tis_development\tis_development-vs2019\common\imagestorelibrary\msvc\vs2012\libzip\debug\zip_strerror.obj
c:\users\abenyam\source\repos\tis_development\tis_development-vs2019\common\imagestorelibrary\msvc\vs2012\libzip\debug\zip_stat_init.obj
c:\users\abenyam\source\repos\tis_development\tis_development-vs2019\common\imagestorelibrary\msvc\vs2012\libzip\debug\zip_stat_index.obj
c:\users\abenyam\source\repos\tis_development\tis_development-vs2019\common\imagestorelibrary\msvc\vs2012\libzip\debug\zip_stat.obj
c:\users\abenyam\source\repos\tis_development\tis_development-vs2019\common\imagestorelibrary\msvc\vs2012\libzip\debug\zip_source_zip_new.obj
c:\users\abenyam\source\repos\tis_development\tis_development-vs2019\common\imagestorelibrary\msvc\vs2012\libzip\debug\zip_source_zip.obj
c:\users\abenyam\source\repos\tis_development\tis_development-vs2019\common\imagestorelibrary\msvc\vs2012\libzip\debug\zip_source_write.obj
c:\users\abenyam\source\repos\tis_development\tis_development-vs2019\common\imagestorelibrary\msvc\vs2012\libzip\debug\zip_source_winzip_aes_encode.obj
c:\users\abenyam\source\repos\tis_development\tis_development-vs2019\common\imagestorelibrary\msvc\vs2012\libzip\debug\libzipd.lib
c:\users\abenyam\source\repos\tis_development\tis_development-vs2019\common\imagestorelibrary\msvc\vs2012\libzip\debug\libzip.tlog\cl.command.1.tlog
c:\users\abenyam\source\repos\tis_development\tis_development-vs2019\common\imagestorelibrary\msvc\vs2012\libzip\debug\libzip.tlog\cl.read.1.tlog
c:\users\abenyam\source\repos\tis_development\tis_development-vs2019\common\imagestorelibrary\msvc\vs2012\libzip\debug\libzip.tlog\cl.write.1.tlog
c:\users\abenyam\source\repos\tis_development\tis_development-vs2019\common\imagestorelibrary\msvc\vs2012\libzip\debug\libzip.tlog\lib-link.read.1.tlog
c:\users\abenyam\source\repos\tis_development\tis_development-vs2019\common\imagestorelibrary\msvc\vs2012\libzip\debug\libzip.tlog\lib-link.write.1.tlog
c:\users\abenyam\source\repos\tis_development\tis_development-vs2019\common\imagestorelibrary\msvc\vs2012\libzip\debug\libzip.tlog\lib.command.1.tlog
