  jaricom.c
  jcapimin.c
  jcapistd.c
  jcarith.c
  jccoefct.c
  jccolor.c
  jcdctmgr.c
  jchuff.c
  jcinit.c
  jcmainct.c
  jcmarker.c
  jcmaster.c
  jcomapi.c
  jcparam.c
  jcphuff.c
  jcprepct.c
  jcsample.c
  jctrans.c
  jdapimin.c
  jdapistd.c
  Generating Code...
  Compiling...
  jdarith.c
  jdatadst-tj.c
  jdatadst.c
  jdatasrc-tj.c
  jdatasrc.c
  jdcoefct.c
  jdcolor.c
  jddctmgr.c
  jdhuff.c
  jdinput.c
  jdmainct.c
  jdmarker.c
  jdmaster.c
  jdmerge.c
  jdphuff.c
  jdpostct.c
  jdsample.c
  jdtrans.c
  jerror.c
  jfdctflt.c
  Generating Code...
  Compiling...
  jfdctfst.c
  jfdctint.c
  jidctflt.c
  jidctfst.c
  jidctint.c
  jidctred.c
  jmemmgr.c
  jmemnobs.c
  jquant1.c
  jquant2.c
  jsimd_x86_64.c
  jutils.c
  transupp.c
  turbojpeg.c
  Generating Code...
  turbojpeg-static.vcxproj -> C:\Users\abenyam\source\repos\TIS_Development\TIS_Development-VS2019\Common\ImageStoreLibrary\msvc\vs2012\turbojpeg\Debug\turbojpegd.lib
  Debug\turbojpegd.lib
  1 File(s) copied
