c:\users\abenyam\source\repos\tis_development\tis_development-vs2019\common\imagestorelibrary\msvc\vs2012\turbojpeg\debug\turbojpegd.pdb
c:\users\abenyam\source\repos\tis_development\tis_development-vs2019\common\imagestorelibrary\msvc\vs2012\turbojpeg\debug\jdapistd.obj
c:\users\abenyam\source\repos\tis_development\tis_development-vs2019\common\imagestorelibrary\msvc\vs2012\turbojpeg\debug\jdapimin.obj
c:\users\abenyam\source\repos\tis_development\tis_development-vs2019\common\imagestorelibrary\msvc\vs2012\turbojpeg\debug\jctrans.obj
c:\users\abenyam\source\repos\tis_development\tis_development-vs2019\common\imagestorelibrary\msvc\vs2012\turbojpeg\debug\jcsample.obj
c:\users\abenyam\source\repos\tis_development\tis_development-vs2019\common\imagestorelibrary\msvc\vs2012\turbojpeg\debug\jcprepct.obj
c:\users\abenyam\source\repos\tis_development\tis_development-vs2019\common\imagestorelibrary\msvc\vs2012\turbojpeg\debug\jcphuff.obj
c:\users\abenyam\source\repos\tis_development\tis_development-vs2019\common\imagestorelibrary\msvc\vs2012\turbojpeg\debug\jcparam.obj
c:\users\abenyam\source\repos\tis_development\tis_development-vs2019\common\imagestorelibrary\msvc\vs2012\turbojpeg\debug\jcomapi.obj
c:\users\abenyam\source\repos\tis_development\tis_development-vs2019\common\imagestorelibrary\msvc\vs2012\turbojpeg\debug\jcmaster.obj
c:\users\abenyam\source\repos\tis_development\tis_development-vs2019\common\imagestorelibrary\msvc\vs2012\turbojpeg\debug\jcmarker.obj
c:\users\abenyam\source\repos\tis_development\tis_development-vs2019\common\imagestorelibrary\msvc\vs2012\turbojpeg\debug\jcmainct.obj
c:\users\abenyam\source\repos\tis_development\tis_development-vs2019\common\imagestorelibrary\msvc\vs2012\turbojpeg\debug\jcinit.obj
c:\users\abenyam\source\repos\tis_development\tis_development-vs2019\common\imagestorelibrary\msvc\vs2012\turbojpeg\debug\jchuff.obj
c:\users\abenyam\source\repos\tis_development\tis_development-vs2019\common\imagestorelibrary\msvc\vs2012\turbojpeg\debug\jcdctmgr.obj
c:\users\abenyam\source\repos\tis_development\tis_development-vs2019\common\imagestorelibrary\msvc\vs2012\turbojpeg\debug\jccolor.obj
c:\users\abenyam\source\repos\tis_development\tis_development-vs2019\common\imagestorelibrary\msvc\vs2012\turbojpeg\debug\jccoefct.obj
c:\users\abenyam\source\repos\tis_development\tis_development-vs2019\common\imagestorelibrary\msvc\vs2012\turbojpeg\debug\jcarith.obj
c:\users\abenyam\source\repos\tis_development\tis_development-vs2019\common\imagestorelibrary\msvc\vs2012\turbojpeg\debug\jcapistd.obj
c:\users\abenyam\source\repos\tis_development\tis_development-vs2019\common\imagestorelibrary\msvc\vs2012\turbojpeg\debug\jcapimin.obj
c:\users\abenyam\source\repos\tis_development\tis_development-vs2019\common\imagestorelibrary\msvc\vs2012\turbojpeg\debug\jaricom.obj
c:\users\abenyam\source\repos\tis_development\tis_development-vs2019\common\imagestorelibrary\msvc\vs2012\turbojpeg\debug\jfdctflt.obj
c:\users\abenyam\source\repos\tis_development\tis_development-vs2019\common\imagestorelibrary\msvc\vs2012\turbojpeg\debug\jerror.obj
c:\users\abenyam\source\repos\tis_development\tis_development-vs2019\common\imagestorelibrary\msvc\vs2012\turbojpeg\debug\jdtrans.obj
c:\users\abenyam\source\repos\tis_development\tis_development-vs2019\common\imagestorelibrary\msvc\vs2012\turbojpeg\debug\jdsample.obj
c:\users\abenyam\source\repos\tis_development\tis_development-vs2019\common\imagestorelibrary\msvc\vs2012\turbojpeg\debug\jdpostct.obj
c:\users\abenyam\source\repos\tis_development\tis_development-vs2019\common\imagestorelibrary\msvc\vs2012\turbojpeg\debug\jdphuff.obj
c:\users\abenyam\source\repos\tis_development\tis_development-vs2019\common\imagestorelibrary\msvc\vs2012\turbojpeg\debug\jdmerge.obj
c:\users\abenyam\source\repos\tis_development\tis_development-vs2019\common\imagestorelibrary\msvc\vs2012\turbojpeg\debug\jdmaster.obj
c:\users\abenyam\source\repos\tis_development\tis_development-vs2019\common\imagestorelibrary\msvc\vs2012\turbojpeg\debug\jdmarker.obj
c:\users\abenyam\source\repos\tis_development\tis_development-vs2019\common\imagestorelibrary\msvc\vs2012\turbojpeg\debug\jdmainct.obj
c:\users\abenyam\source\repos\tis_development\tis_development-vs2019\common\imagestorelibrary\msvc\vs2012\turbojpeg\debug\jdinput.obj
c:\users\abenyam\source\repos\tis_development\tis_development-vs2019\common\imagestorelibrary\msvc\vs2012\turbojpeg\debug\jdhuff.obj
c:\users\abenyam\source\repos\tis_development\tis_development-vs2019\common\imagestorelibrary\msvc\vs2012\turbojpeg\debug\jddctmgr.obj
c:\users\abenyam\source\repos\tis_development\tis_development-vs2019\common\imagestorelibrary\msvc\vs2012\turbojpeg\debug\jdcolor.obj
c:\users\abenyam\source\repos\tis_development\tis_development-vs2019\common\imagestorelibrary\msvc\vs2012\turbojpeg\debug\jdcoefct.obj
c:\users\abenyam\source\repos\tis_development\tis_development-vs2019\common\imagestorelibrary\msvc\vs2012\turbojpeg\debug\jdatasrc.obj
c:\users\abenyam\source\repos\tis_development\tis_development-vs2019\common\imagestorelibrary\msvc\vs2012\turbojpeg\debug\jdatasrc-tj.obj
c:\users\abenyam\source\repos\tis_development\tis_development-vs2019\common\imagestorelibrary\msvc\vs2012\turbojpeg\debug\jdatadst.obj
c:\users\abenyam\source\repos\tis_development\tis_development-vs2019\common\imagestorelibrary\msvc\vs2012\turbojpeg\debug\jdatadst-tj.obj
c:\users\abenyam\source\repos\tis_development\tis_development-vs2019\common\imagestorelibrary\msvc\vs2012\turbojpeg\debug\jdarith.obj
c:\users\abenyam\source\repos\tis_development\tis_development-vs2019\common\imagestorelibrary\msvc\vs2012\turbojpeg\debug\turbojpeg.obj
c:\users\abenyam\source\repos\tis_development\tis_development-vs2019\common\imagestorelibrary\msvc\vs2012\turbojpeg\debug\transupp.obj
c:\users\abenyam\source\repos\tis_development\tis_development-vs2019\common\imagestorelibrary\msvc\vs2012\turbojpeg\debug\jutils.obj
c:\users\abenyam\source\repos\tis_development\tis_development-vs2019\common\imagestorelibrary\msvc\vs2012\turbojpeg\debug\jsimd_x86_64.obj
c:\users\abenyam\source\repos\tis_development\tis_development-vs2019\common\imagestorelibrary\msvc\vs2012\turbojpeg\debug\jquant2.obj
c:\users\abenyam\source\repos\tis_development\tis_development-vs2019\common\imagestorelibrary\msvc\vs2012\turbojpeg\debug\jquant1.obj
c:\users\abenyam\source\repos\tis_development\tis_development-vs2019\common\imagestorelibrary\msvc\vs2012\turbojpeg\debug\jmemnobs.obj
c:\users\abenyam\source\repos\tis_development\tis_development-vs2019\common\imagestorelibrary\msvc\vs2012\turbojpeg\debug\jmemmgr.obj
c:\users\abenyam\source\repos\tis_development\tis_development-vs2019\common\imagestorelibrary\msvc\vs2012\turbojpeg\debug\jidctred.obj
c:\users\abenyam\source\repos\tis_development\tis_development-vs2019\common\imagestorelibrary\msvc\vs2012\turbojpeg\debug\jidctint.obj
c:\users\abenyam\source\repos\tis_development\tis_development-vs2019\common\imagestorelibrary\msvc\vs2012\turbojpeg\debug\jidctfst.obj
c:\users\abenyam\source\repos\tis_development\tis_development-vs2019\common\imagestorelibrary\msvc\vs2012\turbojpeg\debug\jidctflt.obj
c:\users\abenyam\source\repos\tis_development\tis_development-vs2019\common\imagestorelibrary\msvc\vs2012\turbojpeg\debug\jfdctint.obj
c:\users\abenyam\source\repos\tis_development\tis_development-vs2019\common\imagestorelibrary\msvc\vs2012\turbojpeg\debug\jfdctfst.obj
c:\users\abenyam\source\repos\tis_development\tis_development-vs2019\common\imagestorelibrary\msvc\vs2012\turbojpeg\debug\turbojpegd.lib
c:\users\abenyam\source\repos\tis_development\tis_development-vs2019\common\imagestorelibrary\msvc\vs2012\turbojpeg\debug\turbojpeg.tlog\cl.command.1.tlog
c:\users\abenyam\source\repos\tis_development\tis_development-vs2019\common\imagestorelibrary\msvc\vs2012\turbojpeg\debug\turbojpeg.tlog\cl.read.1.tlog
c:\users\abenyam\source\repos\tis_development\tis_development-vs2019\common\imagestorelibrary\msvc\vs2012\turbojpeg\debug\turbojpeg.tlog\cl.write.1.tlog
c:\users\abenyam\source\repos\tis_development\tis_development-vs2019\common\imagestorelibrary\msvc\vs2012\turbojpeg\debug\turbojpeg.tlog\lib-link.read.1.tlog
c:\users\abenyam\source\repos\tis_development\tis_development-vs2019\common\imagestorelibrary\msvc\vs2012\turbojpeg\debug\turbojpeg.tlog\lib-link.write.1.tlog
c:\users\abenyam\source\repos\tis_development\tis_development-vs2019\common\imagestorelibrary\msvc\vs2012\turbojpeg\debug\turbojpeg.tlog\lib.command.1.tlog
